{
  "RSpec": {
    "coverage": {
      "/Users/jasonrathjen/School/SELT/Team6_SELT2020/saas_cardservice/app/helpers/application_helper.rb": {
        "lines": [
          1,
          null
        ]
      },
      "/Users/jasonrathjen/School/SELT/Team6_SELT2020/saas_cardservice/app/helpers/cards_helper.rb": {
        "lines": [
          1,
          null
        ]
      },
      "/Users/jasonrathjen/School/SELT/Team6_SELT2020/saas_cardservice/app/helpers/home_helper.rb": {
        "lines": [
          1,
          null
        ]
      },
      "/Users/jasonrathjen/School/SELT/Team6_SELT2020/saas_cardservice/app/helpers/piles_helper.rb": {
        "lines": [
          1,
          null
        ]
      },
      "/Users/jasonrathjen/School/SELT/Team6_SELT2020/saas_cardservice/app/helpers/pilesnew_helper.rb": {
        "lines": [
          1,
          null
        ]
      },
      "C:/Users/Owner/Documents/Fall 2020/SELT/Team6_SELT2020/saas_cardservice/app/helpers/sessions_helper.rb": {
        "lines": [
          1,
          null
        ]
      },
      "C:/Users/Owner/Documents/Fall 2020/SELT/Team6_SELT2020/saas_cardservice/app/helpers/users_helper.rb": {
        "lines": [
          1,
          null
        ]
      },
      "C:/Users/Owner/Documents/Fall 2020/SELT/Team6_SELT2020/saas_cardservice/app/models/card.rb": {
        "lines": [
          1,
          1,
          null,
          null,
          1,
          264,
          264,
          264,
          264,
          264,
          264,
          null,
          264,
          261,
          261,
          261,
          261,
          null,
          null,
          null
        ]
      },
      "/Users/jasonrathjen/School/SELT/Team6_SELT2020/saas_cardservice/app/models/application_record.rb": {
        "lines": [
          1,
          1,
          null
        ]
      },
      "/Users/jasonrathjen/School/SELT/Team6_SELT2020/saas_cardservice/spec/models/pile_spec.rb": {
        "lines": [
          1,
          1,
          1,
          null,
          1,
          1,
          1,
          1,
          1,
          1,
          1,
          1,
          52,
          null,
          null,
          1,
          null,
          null,
          1,
          1,
          1,
          1,
          null,
          1,
          1,
          1,
          1,
          1,
          1,
          1,
          1,
          null,
          null,
          null,
          1,
          null,
          null,
          1,
          1,
          1,
          1,
          null,
          1,
          1,
          1,
          1,
          1,
          1,
          1,
          1,
          null,
          null,
          null,
          1,
          null,
          null,
          1,
          1,
          1,
          1,
          1,
          1,
          null,
          1,
          1,
          1,
          1,
          null,
          null,
          null,
          1,
          1,
          1,
          1,
          1,
          1,
          1,
          1,
          1,
          1,
          null,
          1,
          1,
          1,
          1,
          1,
          1,
          1,
          1,
          null,
          null,
          null,
          1,
          1,
          1,
          1,
          1,
          1,
          1,
          1,
          1,
          1,
          1,
          13,
          52,
          52,
          52,
          null,
          null,
          1,
          null,
          null,
          null,
          null
        ]
      },
      "/Users/jasonrathjen/School/SELT/Team6_SELT2020/saas_cardservice/app/models/pile.rb": {
        "lines": [
          1,
          1,
          null,
          1,
          12,
          12,
          10,
          2,
          8,
          6,
          2,
          2,
          null,
          null,
          null,
          null,
          null,
          null,
          null,
          null,
          null,
          1,
          5,
          5,
          5,
          5,
          65,
          260,
          null,
          null,
          null,
          null,
          null,
          1,
          6,
          null,
          null,
          1,
          4,
          null,
          null,
          1,
          2,
          2,
          null,
          null,
          1,
          1,
          1,
          1,
          52,
          52,
          52,
          52,
          52,
          null,
          null,
          null
        ]
      }
    },
    "timestamp": 1607444856
  }
}
