{
  "RSpec": {
    "coverage": {
      "/mnt/c/Users/Dtmcn/Documents/git/SeltProject/rspec_move_card/saas_cardservice/app/helpers/application_helper.rb": {
        "lines": [
          1,
          null
        ]
      },
      "/mnt/c/Users/Dtmcn/Documents/git/SeltProject/rspec_move_card/saas_cardservice/app/helpers/cards_helper.rb": {
        "lines": [
          1,
          null
        ]
      },
      "/mnt/c/Users/Dtmcn/Documents/git/SeltProject/rspec_move_card/saas_cardservice/app/helpers/home_helper.rb": {
        "lines": [
          1,
          null
        ]
      },
      "/mnt/c/Users/Dtmcn/Documents/git/SeltProject/rspec_move_card/saas_cardservice/app/helpers/piles_helper.rb": {
        "lines": [
          1,
          null
        ]
      },
      "/mnt/c/Users/Dtmcn/Documents/git/SeltProject/rspec_move_card/saas_cardservice/app/helpers/pilesnew_helper.rb": {
        "lines": [
          1,
          null
        ]
      },
      "/mnt/c/Users/Dtmcn/Documents/git/SeltProject/rspec_move_card/saas_cardservice/app/models/card.rb": {
        "lines": [
          1,
          1,
          null,
          null,
          1,
          4,
          4,
          4,
          4,
          4,
          4,
          4,
          1,
          null,
          null,
          null
        ]
      },
      "/mnt/c/Users/Dtmcn/Documents/git/SeltProject/rspec_move_card/saas_cardservice/app/models/application_record.rb": {
        "lines": [
          1,
          1,
          null
        ]
      },
      "/mnt/c/Users/Dtmcn/Documents/git/SeltProject/rspec_move_card/saas_cardservice/spec/models/pile_spec.rb": {
        "lines": [
          1,
          1,
          1,
          null,
          1,
          1,
          1,
          1,
          1,
          1,
          1,
          1,
          52,
          null,
          null,
          1,
          null,
          null,
          1,
          1,
          1,
          1,
          null,
          1,
          1,
          1,
          1,
          1,
          1,
          1,
          1,
          null,
          null,
          null,
          1,
          null,
          null,
          1,
          1,
          1,
          1,
          null,
          1,
          1,
          1,
          1,
          1,
          1,
          1,
          1,
          null,
          null,
          null,
          1,
          null,
          null,
          1,
          1,
          1,
          1,
          1,
          1,
          null,
          1,
          1,
          1,
          1,
          null,
          null,
          null,
          1,
          1,
          1,
          1,
          1,
          1,
          1,
          1,
          1,
          1,
          null,
          1,
          1,
          1,
          1,
          1,
          1,
          1,
          1,
          null,
          null,
          null,
          null
        ]
      },
      "/mnt/c/Users/Dtmcn/Documents/git/SeltProject/rspec_move_card/saas_cardservice/app/models/pile.rb": {
        "lines": [
          1,
          1,
          null,
          1,
          12,
          12,
          10,
          2,
          8,
          6,
          2,
          2,
          null,
          null,
          null,
          null,
          null,
          null,
          null,
          null,
          null,
          1,
          4,
          4,
          4,
          4,
          52,
          208,
          null,
          null,
          null,
          null,
          null,
          1,
          6,
          null,
          null,
          1,
          4,
          null,
          null,
          1,
          2,
          2,
          null,
          null,
          null
        ]
      }
    },
    "timestamp": 1605841216
  }
}
